The system is: Linux - 2.6.18-53.1.14.el5 - i686
Determining if the C compiler is GNU succeeded with the following output:
# 1 "/usr/share/cmake/Modules/CMakeTestGNU.c"
# 1 "<built-in>"
# 1 "<command line>"
# 1 "/usr/share/cmake/Modules/CMakeTestGNU.c"

void THIS_IS_GNU();

Determining if the C++ compiler is GNU succeeded with the following output:
# 1 "/usr/share/cmake/Modules/CMakeTestGNU.c"
# 1 "<built-in>"
# 1 "<command line>"
# 1 "/usr/share/cmake/Modules/CMakeTestGNU.c"

void THIS_IS_GNU();

Determining if the C compiler works passed with the following output:
/usr/bin/gmake -f CMakeFiles/cmTryCompileExec.dir/build.make CMakeFiles/cmTryCompileExec.dir/build
gmake[1]: Entering directory `/local/lebrun/Synergia/cca/build/synergia2/examples/ECloud/ECloudCC/CMakeFiles/CMakeTmp'
/usr/bin/cmake -E cmake_progress_report /local/lebrun/Synergia/cca/build/synergia2/examples/ECloud/ECloudCC/CMakeFiles/CMakeTmp/CMakeFiles 1
Building C object CMakeFiles/cmTryCompileExec.dir/testCCompiler.o
/usr/bin/gcc   -o CMakeFiles/cmTryCompileExec.dir/testCCompiler.o   -c /local/lebrun/Synergia/cca/build/synergia2/examples/ECloud/ECloudCC/CMakeFiles/CMakeTmp/testCCompiler.c
Linking C executable cmTryCompileExec
/usr/bin/cmake -P CMakeFiles/cmTryCompileExec.dir/cmake_clean_target.cmake
/usr/bin/gcc        -fPIC "CMakeFiles/cmTryCompileExec.dir/testCCompiler.o"   -o cmTryCompileExec -rdynamic 
gmake[1]: Leaving directory `/local/lebrun/Synergia/cca/build/synergia2/examples/ECloud/ECloudCC/CMakeFiles/CMakeTmp'


Determining size of void* passed with the following output:
/usr/bin/gmake -f CMakeFiles/cmTryCompileExec.dir/build.make CMakeFiles/cmTryCompileExec.dir/build
gmake[1]: Entering directory `/local/lebrun/Synergia/cca/build/synergia2/examples/ECloud/ECloudCC/CMakeFiles/CMakeTmp'
/usr/bin/cmake -E cmake_progress_report /local/lebrun/Synergia/cca/build/synergia2/examples/ECloud/ECloudCC/CMakeFiles/CMakeTmp/CMakeFiles 1
Building C object CMakeFiles/cmTryCompileExec.dir/CheckTypeSize.o
/usr/bin/gcc   -o CMakeFiles/cmTryCompileExec.dir/CheckTypeSize.o   -c /local/lebrun/Synergia/cca/build/synergia2/examples/ECloud/ECloudCC/CMakeFiles/CMakeTmp/CheckTypeSize.c
Linking C executable cmTryCompileExec
/usr/bin/cmake -P CMakeFiles/cmTryCompileExec.dir/cmake_clean_target.cmake
/usr/bin/gcc        -fPIC "CMakeFiles/cmTryCompileExec.dir/CheckTypeSize.o"   -o cmTryCompileExec -rdynamic 
gmake[1]: Leaving directory `/local/lebrun/Synergia/cca/build/synergia2/examples/ECloud/ECloudCC/CMakeFiles/CMakeTmp'


Determining if the CXX compiler works passed with the following output:
/usr/bin/gmake -f CMakeFiles/cmTryCompileExec.dir/build.make CMakeFiles/cmTryCompileExec.dir/build
gmake[1]: Entering directory `/local/lebrun/Synergia/cca/build/synergia2/examples/ECloud/ECloudCC/CMakeFiles/CMakeTmp'
/usr/bin/cmake -E cmake_progress_report /local/lebrun/Synergia/cca/build/synergia2/examples/ECloud/ECloudCC/CMakeFiles/CMakeTmp/CMakeFiles 1
Building CXX object CMakeFiles/cmTryCompileExec.dir/testCXXCompiler.o
/usr/bin/c++    -o CMakeFiles/cmTryCompileExec.dir/testCXXCompiler.o -c /local/lebrun/Synergia/cca/build/synergia2/examples/ECloud/ECloudCC/CMakeFiles/CMakeTmp/testCXXCompiler.cxx
Linking CXX executable cmTryCompileExec
/usr/bin/cmake -P CMakeFiles/cmTryCompileExec.dir/cmake_clean_target.cmake
/usr/bin/c++         -fPIC "CMakeFiles/cmTryCompileExec.dir/testCXXCompiler.o"   -o cmTryCompileExec -rdynamic 
gmake[1]: Leaving directory `/local/lebrun/Synergia/cca/build/synergia2/examples/ECloud/ECloudCC/CMakeFiles/CMakeTmp'


